<?xml version="1.0" encoding="UTF-8"?>
<!-- Generated by org.testng.reporters.JUnitXMLReporter -->
<testsuite hostname="Srikanths-MacBook-Pro.local" ignored="3" name="GRP-Test" tests="3" failures="0" timestamp="02 Dec 2018 18:08:24 GMT" time="0.039" errors="0">
  <testcase name="test4" time="0.009" classname="com.test.GoogleTest"/>
  <testcase name="test5" time="0.001" classname="com.test.GoogleTest"/>
  <testcase name="test6" time="0.001" classname="com.test.GoogleTest"/>
  <testcase name="getTitle" time="0.0" classname="com.test.GoogleTest">
    <ignored/>
  </testcase> <!-- getTitle -->
  <testcase name="checkMailLink" time="0.0" classname="com.test.GoogleTest">
    <ignored/>
  </testcase> <!-- checkMailLink -->
  <testcase name="checkLogo" time="0.0" classname="com.test.GoogleTest">
    <ignored/>
  </testcase> <!-- checkLogo -->
</testsuite> <!-- GRP-Test -->
