<?xml version="1.0" encoding="UTF-8"?>
<!-- Generated by org.testng.reporters.JUnitXMLReporter -->
<testsuite hostname="Srikanths-MacBook-Pro.local" ignored="0" name="Lognin page Tests" tests="6" failures="0" timestamp="09 Dec 2018 21:50:05 GMT" time="9.705" errors="0">
  <testcase name="launchBrowser" time="4.573" classname="com.parameters.ParametersTest"/>
  <testcase name="launchurl" time="3.318" classname="com.parameters.ParametersTest"/>
  <testcase name="username" time="0.047" classname="com.parameters.ParametersTest"/>
  <testcase name="password" time="0.03" classname="com.parameters.ParametersTest"/>
  <testcase name="submitButton" time="0.462" classname="com.parameters.ParametersTest"/>
  <testcase name="checkTitle" time="0.013" classname="com.parameters.ParametersTest"/>
</testsuite> <!-- Lognin page Tests -->
