<?xml version="1.0" encoding="UTF-8"?>
<!-- Generated by org.testng.reporters.JUnitXMLReporter -->
<testsuite hostname="Srikanths-MacBook-Pro.local" ignored="0" name="Rediffmail test" tests="4" failures="0" timestamp="03 Dec 2018 14:43:50 GMT" time="9.168" errors="0">
  <testcase name="username" time="0.102" classname="com.parameters.ParametersTest"/>
  <testcase name="password" time="0.075" classname="com.parameters.ParametersTest"/>
  <testcase name="loginbutton" time="1.935" classname="com.parameters.ParametersTest"/>
  <testcase name="errormessage" time="0.224" classname="com.parameters.ParametersTest"/>
</testsuite> <!-- Rediffmail test -->
